[12-Nov-2025 16:08:00 UTC] Received data: Array
(
    [amount] => 200
    [currency] => USD
    [donationType] => gaza-emergency-relief
    [donorName] => 
    [donorEmail] => 
)

[12-Nov-2025 16:08:00 UTC] Error: Invalid API Key provided: sk_test_****************here
[12-Nov-2025 16:08:38 UTC] Received data: Array
(
    [amount] => 200
    [currency] => USD
    [donationType] => gaza-emergency-relief
    [donorName] => 
    [donorEmail] => 
)

[12-Nov-2025 16:09:04 UTC] Received data: Array
(
    [amount] => 200
    [currency] => USD
    [donationType] => gaza-emergency-relief
    [donorName] => 
    [donorEmail] => 
)

